\BOOKMARK [1][-]{section.1}{\376\377\000M\000a\000\040\000t\000r\036\255\000n\000\040\000p\000h\000\342\000n\000\040\000c\000\364\000n\000g\000\040\000c\000\364\000n\000g\000\040\000v\000i\036\307\000c\000\040\000v\000\340\000\040\001\021\000\341\000n\000h\000\040\000g\000i\000\341\000\040\001\021\036\323\000n\000g\000\040\001\021\036\263\000n\000g}{}% 1
\BOOKMARK [2][-]{subsection.1.1}{\376\377\000C\000a\000m\000\040\000k\036\277\000t\000\040\001\021\000\341\000n\000h\000\040\000g\000i\000\341\000\040\001\021\036\323\000n\000g\000\040\001\021\036\263\000n\000g}{section.1}% 2
\BOOKMARK [1][-]{section.2}{\376\377\000B\000\340\000i\000\040\000t\000o\000\341\000n\000,\000\040\000k\036\313\000c\000h\000\040\000b\036\243\000n\000\040\036\351\000n\000g\000\040\000d\036\345\000n\000g\000\040\000v\000\340\000\040\000t\001\260\001\241\000n\000g\000\040\000t\000\341\000c\000\040\000g\000i\000a\000o\000\040\000t\000h\036\351\000c}{}% 3
\BOOKMARK [2][-]{subsection.2.1}{\376\377\000B\000\340\000i\000\040\000t\000o\000\341\000n}{section.2}% 4
\BOOKMARK [2][-]{subsection.2.2}{\376\377\000V\000\362\000n\000g\000\040\001\021\036\335\000i\000\040\001\021\036\247\000y\000\040\001\021\036\347\000\040\000c\036\347\000a\000\040\000p\000h\000i\000\352\000n}{section.2}% 5
\BOOKMARK [2][-]{subsection.2.3}{\376\377\000L\000i\000\352\000n\000\040\000h\036\307\000\040\000y\000\352\000u\000\040\000c\036\247\000u\000\040\000v\000\340\000\040\000m\000\343\000\040\000n\000g\000u\036\323\000n}{section.2}% 6
\BOOKMARK [1][-]{section.3}{\376\377\000K\000i\036\277\000n\000\040\000t\000r\000\372\000c\000\040\000h\036\307\000\040\000t\000h\036\321\000n\000g\000\040\000v\000\340\000\040\000c\036\245\000u\000\040\000t\000r\000\372\000c\000\040\000d\036\357\000\040\000l\000i\036\307\000u}{}% 7
\BOOKMARK [2][-]{subsection.3.1}{\376\377\000P\000h\000\342\000n\000\040\000l\036\333\000p}{section.3}% 8
\BOOKMARK [2][-]{subsection.3.2}{\376\377\000T\000h\000\364\000n\000g\000\040\001\021\000i\036\307\000p\000\040\001\021\000i\036\301\000u\000\040\000k\000h\000i\036\303\000n\000\040\000T\000C\000P}{section.3}% 9
\BOOKMARK [2][-]{subsection.3.3}{\376\377\000T\000r\036\241\000n\000g\000\040\000t\000h\000\341\000i\000\040\000p\000h\000i\000\352\000n}{section.3}% 10
\BOOKMARK [2][-]{subsection.3.4}{\376\377\001\020\036\313\000n\000h\000\040\000d\036\241\000n\000g\000\040\000h\000e\000a\000d\000e\000r\000\040\000R\000D\000T\000\040\000t\000h\000e\000o\000\040\000b\000y\000t\000e}{section.3}% 11
\BOOKMARK [1][-]{section.4}{\376\377\000T\000h\000i\036\277\000t\000\040\000k\036\277\000\040\000g\000i\000a\000o\000\040\000t\000h\036\351\000c\000\040\000R\000e\000l\000i\000a\000b\000l\000e\000\040\000U\000D\000P}{}% 12
\BOOKMARK [2][-]{subsection.4.1}{\376\377\000B\036\257\000t\000\040\000t\000a\000y\000\040\000v\000\340\000\040\000n\000h\036\255\000n\000\040\000d\000i\036\307\000n\000\040\000p\000h\000i\000\352\000n}{section.4}% 13
\BOOKMARK [2][-]{subsection.4.2}{\376\377\000S\000e\000l\000e\000c\000t\000i\000v\000e\000\040\000R\000e\000p\000e\000a\000t}{section.4}% 14
\BOOKMARK [2][-]{subsection.4.3}{\376\377\000C\036\355\000a\000\040\000s\036\325\000\040\000v\000\340\000\040\000c\000h\036\321\000n\000g\000\040\000t\036\257\000c\000\040\000n\000g\000h\036\275\000n}{section.4}% 15
\BOOKMARK [2][-]{subsection.4.4}{\376\377\000T\000o\000\340\000n\000\040\000v\036\271\000n\000\040\000v\000\340\000\040\000h\000o\000\340\000n\000\040\000t\036\245\000t}{section.4}% 16
\BOOKMARK [1][-]{section.5}{\376\377\000Q\000u\000y\000\040\000t\000r\000\354\000n\000h\000\040\000h\000i\036\307\000n\000\040\000t\000h\036\361\000c\000\040\000v\000\340\000\040\000v\036\255\000n\000\040\000h\000\340\000n\000h}{}% 17
\BOOKMARK [2][-]{subsection.5.1}{\376\377\000P\000h\000\342\000n\000\040\000p\000h\036\321\000i\000\040\000l\036\307\000n\000h\000\040\000v\000\340\000\040\000c\000o\000n\000c\000u\000r\000r\000e\000n\000c\000y}{section.5}% 18
\BOOKMARK [2][-]{subsection.5.2}{\376\377\000P\000O\000R\000T\000\040\000v\000\340\000\040\000P\000A\000S\000V}{section.5}% 19
\BOOKMARK [2][-]{subsection.5.3}{\376\377\000C\000\341\000c\000\040\000w\000o\000r\000k\000f\000l\000o\000w\000\040\000d\036\357\000\040\000l\000i\036\307\000u}{section.5}% 20
\BOOKMARK [2][-]{subsection.5.4}{\376\377\001\020\000i\036\303\000m\000\040\000c\036\247\000n\000\040\000n\036\257\000m\000\040\000k\000h\000i\000\040\000b\036\243\000o\000\040\000v\036\307}{section.5}% 21
\BOOKMARK [1][-]{section.6}{\376\377\000K\036\277\000t\000\040\000q\000u\036\243\000\040\000t\000h\036\361\000c\000\040\000n\000g\000h\000i\036\307\000m\000\040\000v\000\340\000\040\000b\036\261\000n\000g\000\040\000c\000h\036\351\000n\000g\000\040\000d\000e\000m\000o}{}% 22
\BOOKMARK [1][-]{appendix.A}{\376\377\000N\000h\036\255\000t\000\040\000k\000\375\000\040\000G\000e\000n\000A\000I\000\040\000v\000\340\000\040\000p\000h\036\243\000n\000\040\000b\000i\036\307\000n\000\040\001\021\036\247\000u\000\040\000r\000a}{}% 23
\BOOKMARK [2][-]{subsection.A.1}{\376\377\000P\000r\000o\000m\000p\000t\000\040\001\021\000\343\000\040\000s\036\355\000\040\000d\036\345\000n\000g}{appendix.A}% 24
\BOOKMARK [2][-]{subsection.A.2}{\376\377\001\020\036\247\000u\000\040\000r\000a\000\040\000t\000h\000\364}{appendix.A}% 25
\BOOKMARK [2][-]{subsection.A.3}{\376\377\000A\000u\000d\000i\000t\000\040\000k\036\371\000\040\000t\000h\000u\036\255\000t\000\040\000v\000\340\000\040\000r\000e\000f\000i\000n\000e\000m\000e\000n\000t}{appendix.A}% 26
\BOOKMARK [2][-]{subsection.A.4}{\376\377\000K\036\277\000t\000\040\000l\000u\036\255\000n\000\040\000s\036\337\000\040\000h\036\357\000u\000\040\000m\000\343}{appendix.A}% 27
